# JRE version: OpenJDK Runtime Environment (25.0.2+12) (build 25.0.2+12-LTS)
# Java VM: OpenJDK 64-Bit Server VM (25.0.2+12-LTS, mixed mode, sharing, tiered, compressed oops, compressed class ptrs, g1 gc, windows-amd64)
GC Precious Log:
 CardTable entry size: 512
 Card Set container configuration: InlinePtr #cards 4 size 8 Array Of Cards #cards 64 size 144 Howl #buckets 8 coarsen threshold 14745 Howl Bitmap #cards 2048 size 272 coarsen threshold 1843 Card regions per heap region 1 cards per card region 16384
 CPUs: 24 total, 24 available
 Memory: 65454M
 Large Page Support: Disabled
 NUMA Support: Disabled
 Compressed Oops: Enabled (Zero based)
 Heap Region Size: 8M
 Heap Min Capacity: 8M
 Heap Initial Capacity: 1G
 Heap Max Capacity: 16368M
 Pre-touch: Disabled
 Parallel Workers: 18
 Concurrent Workers: 5
 Concurrent Refinement Workers: 18
 Periodic GC: Disabled
Heap:
 garbage-first heap   total reserved 16760832K, committed 565248K, used 73773K [0x0000000401000000, 0x0000000800000000)
  region size 8192K, 8 young (65536K), 1 survivors (8192K)
GC Heap Usage History (16 events):
Event: 0.785 {heap Before GC invocations=0 (full 0):
 garbage-first heap   total reserved 16760832K, committed 1056768K, used 50379K [0x0000000401000000, 0x0000000800000000)
  region size 8192K, 6 young (49152K), 0 survivors (0K)
}
Event: 0.789 {heap After GC invocations=1 (full 0):
 garbage-first heap   total reserved 16760832K, committed 1056768K, used 7968K [0x0000000401000000, 0x0000000800000000)
  region size 8192K, 1 young (8192K), 1 survivors (8192K)
}
Event: 1.009 {heap Before GC invocations=1 (full 0):
 garbage-first heap   total reserved 16760832K, committed 1056768K, used 24352K [0x0000000401000000, 0x0000000800000000)
  region size 8192K, 4 young (32768K), 1 survivors (8192K)
}
Event: 1.011 {heap After GC invocations=2 (full 0):
 garbage-first heap   total reserved 16760832K, committed 1056768K, used 9177K [0x0000000401000000, 0x0000000800000000)
  region size 8192K, 1 young (8192K), 1 survivors (8192K)
}
Event: 1.190 {heap Before GC invocations=3 (full 0):
 garbage-first heap   total reserved 16760832K, committed 57344K, used 50137K [0x0000000401000000, 0x0000000800000000)
  region size 8192K, 6 young (49152K), 1 survivors (8192K)
}
Event: 1.193 {heap After GC invocations=4 (full 0):
 garbage-first heap   total reserved 16760832K, committed 73728K, used 11659K [0x0000000401000000, 0x0000000800000000)
  region size 8192K, 2 young (16384K), 2 survivors (16384K)
}
Event: 1.319 {heap Before GC invocations=4 (full 0):
 garbage-first heap   total reserved 16760832K, committed 73728K, used 36235K [0x0000000401000000, 0x0000000800000000)
  region size 8192K, 5 young (40960K), 2 survivors (16384K)
}
Event: 1.324 {heap After GC invocations=5 (full 0):
 garbage-first heap   total reserved 16760832K, committed 73728K, used 12526K [0x0000000401000000, 0x0000000800000000)
  region size 8192K, 1 young (8192K), 1 survivors (8192K)
}
Event: 1.588 {heap Before GC invocations=5 (full 0):
 garbage-first heap   total reserved 16760832K, committed 73728K, used 37102K [0x0000000401000000, 0x0000000800000000)
  region size 8192K, 5 young (40960K), 1 survivors (8192K)
}
Event: 1.591 {heap After GC invocations=6 (full 0):
 garbage-first heap   total reserved 16760832K, committed 73728K, used 14408K [0x0000000401000000, 0x0000000800000000)
  region size 8192K, 1 young (8192K), 1 survivors (8192K)
}
Event: 1.621 {heap Before GC invocations=6 (full 0):
 garbage-first heap   total reserved 16760832K, committed 73728K, used 14408K [0x0000000401000000, 0x0000000800000000)
  region size 8192K, 2 young (16384K), 1 survivors (8192K)
}
Event: 1.624 {heap After GC invocations=7 (full 0):
 garbage-first heap   total reserved 16760832K, committed 73728K, used 14958K [0x0000000401000000, 0x0000000800000000)
  region size 8192K, 1 young (8192K), 1 survivors (8192K)
}
Event: 1.995 {heap Before GC invocations=8 (full 0):
 garbage-first heap   total reserved 16760832K, committed 73728K, used 47726K [0x0000000401000000, 0x0000000800000000)
  region size 8192K, 5 young (40960K), 1 survivors (8192K)
}
Event: 1.999 {heap After GC invocations=9 (full 0):
 garbage-first heap   total reserved 16760832K, committed 73728K, used 19030K [0x0000000401000000, 0x0000000800000000)
  region size 8192K, 1 young (8192K), 1 survivors (8192K)
}
Event: 9.047 {heap Before GC invocations=9 (full 0):
 garbage-first heap   total reserved 16760832K, committed 73728K, used 51798K [0x0000000401000000, 0x0000000800000000)
  region size 8192K, 5 young (40960K), 1 survivors (8192K)
}
Event: 9.051 {heap After GC invocations=10 (full 0):
 garbage-first heap   total reserved 16760832K, committed 565248K, used 24621K [0x0000000401000000, 0x0000000800000000)
  region size 8192K, 1 young (8192K), 1 survivors (8192K)
}

